Using pre-set license
Built from '2021.3/staging' branch; Version is '2021.3.3f1 (af2e63e8f9bd) revision 11480675'; Using compiler version '192829333'; Build Type 'Release'
OS: 'Windows 10  (10.0.19044) 64bit Professional' Language: 'es' Physical Memory: 15761 MB
BatchMode: 1, IsHumanControllingUs: 0, StartBugReporterOnCrash: 0, Is64bit: 1, IsPro: 1

COMMAND LINE ARGUMENTS:
C:\Program Files\Unity\Hub\Editor\2021.3.3f1\Editor\Unity.exe
-adb2
-batchMode
-noUpm
-name
AssetImportWorker1
-projectPath
C:/Users/lalo/Desktop/SemestralVR
-logFile
Logs/AssetImportWorker1.log
-srvPort
56106
Successfully changed project path to: C:/Users/lalo/Desktop/SemestralVR
C:/Users/lalo/Desktop/SemestralVR
[UnityMemory] Configuration Parameters - Can be set up in boot.config
    "memorysetup-bucket-allocator-granularity=16"
    "memorysetup-bucket-allocator-bucket-count=8"
    "memorysetup-bucket-allocator-block-size=33554432"
    "memorysetup-bucket-allocator-block-count=8"
    "memorysetup-main-allocator-block-size=16777216"
    "memorysetup-thread-allocator-block-size=16777216"
    "memorysetup-gfx-main-allocator-block-size=16777216"
    "memorysetup-gfx-thread-allocator-block-size=16777216"
    "memorysetup-cache-allocator-block-size=4194304"
    "memorysetup-typetree-allocator-block-size=2097152"
    "memorysetup-profiler-bucket-allocator-granularity=16"
    "memorysetup-profiler-bucket-allocator-bucket-count=8"
    "memorysetup-profiler-bucket-allocator-block-size=33554432"
    "memorysetup-profiler-bucket-allocator-block-count=8"
    "memorysetup-profiler-allocator-block-size=16777216"
    "memorysetup-profiler-editor-allocator-block-size=1048576"
    "memorysetup-temp-allocator-size-main=16777216"
    "memorysetup-job-temp-allocator-block-size=2097152"
    "memorysetup-job-temp-allocator-block-size-background=1048576"
    "memorysetup-job-temp-allocator-reduction-small-platforms=262144"
    "memorysetup-temp-allocator-size-background-worker=32768"
    "memorysetup-temp-allocator-size-job-worker=262144"
    "memorysetup-temp-allocator-size-preload-manager=33554432"
    "memorysetup-temp-allocator-size-nav-mesh-worker=65536"
    "memorysetup-temp-allocator-size-audio-worker=65536"
    "memorysetup-temp-allocator-size-cloud-worker=32768"
    "memorysetup-temp-allocator-size-gi-baking-worker=262144"
    "memorysetup-temp-allocator-size-gfx=262144"
Refreshing native plugins compatible for Editor in 86.98 ms, found 2 plugins.
Preloading 0 native plugins for Editor in 0.00 ms.
Initialize engine version: 2021.3.3f1 (af2e63e8f9bd)
[Subsystems] Discovering subsystems at path C:/Program Files/Unity/Hub/Editor/2021.3.3f1/Editor/Data/Resources/UnitySubsystems
[Subsystems] Discovering subsystems at path C:/Users/lalo/Desktop/SemestralVR/Assets
GfxDevice: creating device client; threaded=0; jobified=0
d3d12: loaded!
Direct3D:
    Version:         Direct3D 12 [level 12.1]
    Renderer:        AMD Radeon(TM) Graphics (ID=0x1638)
    Vendor:          ATI
    VRAM:            7880 MB
    App VRAM Budget: 7701 MB
    Driver:          30.0.15002.1004
    Unified Memory Architecture
d3d12: Profiler is enabled, but stable power state is not. GPU timing errors are expected.
Initialize mono
Mono path[0] = 'C:/Program Files/Unity/Hub/Editor/2021.3.3f1/Editor/Data/Managed'
Mono path[1] = 'C:/Program Files/Unity/Hub/Editor/2021.3.3f1/Editor/Data/MonoBleedingEdge/lib/mono/unityjit-win32'
Mono config path = 'C:/Program Files/Unity/Hub/Editor/2021.3.3f1/Editor/Data/MonoBleedingEdge/etc'
Using monoOptions --debugger-agent=transport=dt_socket,embedding=1,server=y,suspend=n,address=127.0.0.1:56868
Begin MonoManager ReloadAssembly
Registering precompiled unity dll's ...
Register platform support module: C:/Program Files/Unity/Hub/Editor/2021.3.3f1/Editor/Data/PlaybackEngines/WebGLSupport/UnityEditor.WebGL.Extensions.dll
Register platform support module: C:/Program Files/Unity/Hub/Editor/2021.3.3f1/Editor/Data/PlaybackEngines/WindowsStandaloneSupport/UnityEditor.WindowsStandalone.Extensions.dll
Registered in 0.010135 seconds.
Native extension for WindowsStandalone target not found
Native extension for WebGL target not found
Refreshing native plugins compatible for Editor in 102.80 ms, found 2 plugins.
Preloading 0 native plugins for Editor in 0.00 ms.
Mono: successfully reloaded assembly
- Completed reload, in  0.680 seconds
Domain Reload Profiling:
	ReloadAssembly (680ms)
		BeginReloadAssembly (81ms)
			ExecutionOrderSort (0ms)
			DisableScriptedObjects (0ms)
			BackupInstance (0ms)
			ReleaseScriptingObjects (0ms)
			CreateAndSetChildDomain (1ms)
		EndReloadAssembly (478ms)
			LoadAssemblies (78ms)
			RebuildTransferFunctionScriptingTraits (0ms)
			SetupTypeCache (110ms)
			ReleaseScriptCaches (0ms)
			RebuildScriptCaches (26ms)
			SetupLoadedEditorAssemblies (285ms)
				LogAssemblyErrors (0ms)
				InitializePlatformSupportModulesInManaged (12ms)
				SetLoadedEditorAssemblies (0ms)
				RefreshPlugins (103ms)
				BeforeProcessingInitializeOnLoad (1ms)
				ProcessInitializeOnLoadAttributes (122ms)
				ProcessInitializeOnLoadMethodAttributes (47ms)
				AfterProcessingInitializeOnLoad (0ms)
				EditorAssembliesLoaded (0ms)
			ExecutionOrderSort2 (0ms)
			AwakeInstancesAfterBackupRestoration (0ms)
Platform modules already initialized, skipping
Registering precompiled user dll's ...
Registered in 0.005974 seconds.
Begin MonoManager ReloadAssembly
Native extension for WindowsStandalone target not found
Native extension for WebGL target not found
Refreshing native plugins compatible for Editor in 101.94 ms, found 2 plugins.
Preloading 0 native plugins for Editor in 0.00 ms.
CreateSerializedAsset is not supported while importing out-of-process
UnityEngine.StackTraceUtility:ExtractStackTrace ()
UnityEngine.Rendering.HighDefinition.HDRenderPipelineGlobalSettings:Create (string,UnityEngine.Rendering.HighDefinition.HDRenderPipelineGlobalSettings) (at Library/PackageCache/com.unity.render-pipelines.high-definition@12.1.6/Runtime/RenderPipeline/HDRenderPipelineGlobalSettings.cs:141)
UnityEngine.Rendering.HighDefinition.HDRenderPipelineGlobalSettings:MigrateFromHDRPAsset (UnityEngine.Rendering.HighDefinition.HDRenderPipelineAsset) (at Library/PackageCache/com.unity.render-pipelines.high-definition@12.1.6/Runtime/RenderPipeline/HDRenderPipelineGlobalSettings.Migration.cs:72)
UnityEngine.Rendering.HighDefinition.HDRenderPipelineAsset/<>c:<.cctor>b__98_15 (UnityEngine.Rendering.HighDefinition.HDRenderPipelineAsset) (at Library/PackageCache/com.unity.render-pipelines.high-definition@12.1.6/Runtime/RenderPipeline/HDRenderPipelineAsset.Migration.cs:175)
UnityEngine.Rendering.HighDefinition.MigrationStep`2<UnityEngine.Rendering.HighDefinition.HDRenderPipelineAsset/Version, UnityEngine.Rendering.HighDefinition.HDRenderPipelineAsset>:Migrate (UnityEngine.Rendering.HighDefinition.HDRenderPipelineAsset) (at Library/PackageCache/com.unity.render-pipelines.high-definition@12.1.6/Runtime/Core/Migration/MigrationStep.cs:52)
UnityEngine.Rendering.HighDefinition.MigrationDescription`2<UnityEngine.Rendering.HighDefinition.HDRenderPipelineAsset/Version, UnityEngine.Rendering.HighDefinition.HDRenderPipelineAsset>:Migrate (UnityEngine.Rendering.HighDefinition.HDRenderPipelineAsset) (at Library/PackageCache/com.unity.render-pipelines.high-definition@12.1.6/Runtime/Core/Migration/MigrationDescription.cs:111)
UnityEngine.Rendering.HighDefinition.HDRenderPipelineAsset:Migrate () (at Library/PackageCache/com.unity.render-pipelines.high-definition@12.1.6/Runtime/RenderPipeline/HDRenderPipelineAsset.Migration.cs:344)
UnityEngine.Rendering.HighDefinition.HDRenderPipelineAsset:OnEnable () (at Library/PackageCache/com.unity.render-pipelines.high-definition@12.1.6/Runtime/RenderPipeline/HDRenderPipelineAsset.Migration.cs:350)
UnityEngine.Rendering.GraphicsSettings:get_defaultRenderPipeline ()
UnityEngine.Rendering.HighDefinition.HDRenderPipelineAsset/<>c:<.cctor>b__98_15 (UnityEngine.Rendering.HighDefinition.HDRenderPipelineAsset) (at Library/PackageCache/com.unity.render-pipelines.high-definition@12.1.6/Runtime/RenderPipeline/HDRenderPipelineAsset.Migration.cs:174)
UnityEngine.Rendering.HighDefinition.MigrationStep`2<UnityEngine.Rendering.HighDefinition.HDRenderPipelineAsset/Version, UnityEngine.Rendering.HighDefinition.HDRenderPipelineAsset>:Migrate (UnityEngine.Rendering.HighDefinition.HDRenderPipelineAsset) (at Library/PackageCache/com.unity.render-pipelines.high-definition@12.1.6/Runtime/Core/Migration/MigrationStep.cs:52)
UnityEngine.Rendering.HighDefinition.MigrationDescription`2<UnityEngine.Rendering.HighDefinition.HDRenderPipelineAsset/Version, UnityEngine.Rendering.HighDefinition.HDRenderPipelineAsset>:Migrate (UnityEngine.Rendering.HighDefinition.HDRenderPipelineAsset) (at Library/PackageCache/com.unity.render-pipelines.high-definition@12.1.6/Runtime/Core/Migration/MigrationDescription.cs:111)
UnityEngine.Rendering.HighDefinition.HDRenderPipelineAsset:Migrate () (at Library/PackageCache/com.unity.render-pipelines.high-definition@12.1.6/Runtime/RenderPipeline/HDRenderPipelineAsset.Migration.cs:344)
UnityEngine.Rendering.HighDefinition.HDRenderPipelineAsset:OnEnable () (at Library/PackageCache/com.unity.render-pipelines.high-definition@12.1.6/Runtime/RenderPipeline/HDRenderPipelineAsset.Migration.cs:350)
UnityEngine.Rendering.GraphicsSettings:get_currentRenderPipeline ()
UnityEditor.Rendering.HighDefinition.HDBakedReflectionSystem:Initialize () (at Library/PackageCache/com.unity.render-pipelines.high-definition@12.1.6/Editor/Lighting/Reflection/HDBakedReflectionSystem.cs:42)
System.Reflection.RuntimeMethodInfo:Invoke (object,System.Reflection.BindingFlags,System.Reflection.Binder,object[],System.Globalization.CultureInfo)
System.Reflection.MethodBase:Invoke (object,object[])
UnityEditor.EditorAssemblies:ProcessInitializeOnLoadMethodAttributes ()

[Library/PackageCache/com.unity.render-pipelines.high-definition@12.1.6/Editor/Lighting/Reflection/HDBakedReflectionSystem.cs line 42]

UnityException: Creating asset at path Assets/HDRPDefaultResources/HDRenderPipelineGlobalSettings 1.asset failed.
  at (wrapper managed-to-native) UnityEditor.AssetDatabase.CreateAsset(UnityEngine.Object,string)
  at UnityEngine.Rendering.HighDefinition.HDRenderPipelineGlobalSettings.Create (System.String path, UnityEngine.Rendering.HighDefinition.HDRenderPipelineGlobalSettings dataSource) [0x00022] in C:\Users\lalo\Desktop\SemestralVR\Library\PackageCache\com.unity.render-pipelines.high-definition@12.1.6\Runtime\RenderPipeline\HDRenderPipelineGlobalSettings.cs:141 
  at UnityEngine.Rendering.HighDefinition.HDRenderPipelineGlobalSettings.MigrateFromHDRPAsset (UnityEngine.Rendering.HighDefinition.HDRenderPipelineAsset oldAsset) [0x0003f] in C:\Users\lalo\Desktop\SemestralVR\Library\PackageCache\com.unity.render-pipelines.high-definition@12.1.6\Runtime\RenderPipeline\HDRenderPipelineGlobalSettings.Migration.cs:72 
  at UnityEngine.Rendering.HighDefinition.HDRenderPipelineAsset+<>c.<.cctor>b__98_15 (UnityEngine.Rendering.HighDefinition.HDRenderPipelineAsset data) [0x0000d] in C:\Users\lalo\Desktop\SemestralVR\Library\PackageCache\com.unity.render-pipelines.high-definition@12.1.6\Runtime\RenderPipeline\HDRenderPipelineAsset.Migration.cs:175 
  at UnityEngine.Rendering.HighDefinition.MigrationStep`2[TVersion,TTarget].Migrate (TTarget target) [0x00028] in C:\Users\lalo\Desktop\SemestralVR\Library\PackageCache\com.unity.render-pipelines.high-definition@12.1.6\Runtime\Core\Migration\MigrationStep.cs:52 
  at UnityEngine.Rendering.HighDefinition.MigrationDescription`2[TVersion,TTarget].Migrate (TTarget target) [0x0005c] in C:\Users\lalo\Desktop\SemestralVR\Library\PackageCache\com.unity.render-pipelines.high-definition@12.1.6\Runtime\Core\Migration\MigrationDescription.cs:111 
  at UnityEngine.Rendering.HighDefinition.HDRenderPipelineAsset.Migrate () [0x00000] in C:\Users\lalo\Desktop\SemestralVR\Library\PackageCache\com.unity.render-pipelines.high-definition@12.1.6\Runtime\RenderPipeline\HDRenderPipelineAsset.Migration.cs:344 
  at UnityEngine.Rendering.HighDefinition.HDRenderPipelineAsset.OnEnable () [0x00000] in C:\Users\lalo\Desktop\SemestralVR\Library\PackageCache\com.unity.render-pipelines.high-definition@12.1.6\Runtime\RenderPipeline\HDRenderPipelineAsset.Migration.cs:350 
UnityEngine.Rendering.GraphicsSettings:get_INTERNAL_defaultRenderPipeline()
UnityEngine.Rendering.GraphicsSettings:get_defaultRenderPipeline()
UnityEngine.Rendering.HighDefinition.<>c:<.cctor>b__98_15(HDRenderPipelineAsset) (at Library\PackageCache\com.unity.render-pipelines.high-definition@12.1.6\Runtime\RenderPipeline\HDRenderPipelineAsset.Migration.cs:174)
UnityEngine.Rendering.HighDefinition.MigrationStep`2:Migrate(HDRenderPipelineAsset) (at Library\PackageCache\com.unity.render-pipelines.high-definition@12.1.6\Runtime\Core\Migration\MigrationStep.cs:52)
UnityEngine.Rendering.HighDefinition.MigrationDescription`2:Migrate(HDRenderPipelineAsset) (at Library\PackageCache\com.unity.render-pipelines.high-definition@12.1.6\Runtime\Core\Migration\MigrationDescription.cs:111)
UnityEngine.Rendering.HighDefinition.HDRenderPipelineAsset:Migrate() (at Library\PackageCache\com.unity.render-pipelines.high-definition@12.1.6\Runtime\RenderPipeline\HDRenderPipelineAsset.Migration.cs:344)
UnityEngine.Rendering.HighDefinition.HDRenderPipelineAsset:OnEnable() (at Library\PackageCache\com.unity.render-pipelines.high-definition@12.1.6\Runtime\RenderPipeline\HDRenderPipelineAsset.Migration.cs:350)
UnityEngine.Rendering.GraphicsSettings:get_INTERNAL_currentRenderPipeline()
UnityEngine.Rendering.GraphicsSettings:get_currentRenderPipeline()
UnityEditor.Rendering.HighDefinition.HDBakedReflectionSystem:Initialize() (at Library\PackageCache\com.unity.render-pipelines.high-definition@12.1.6\Editor\Lighting\Reflection\HDBakedReflectionSystem.cs:42)
System.Reflection.RuntimeMethodInfo:InternalInvoke(RuntimeMethodInfo, Object, Object[], Exception&)
System.Reflection.RuntimeMethodInfo:Invoke(Object, BindingFlags, Binder, Object[], CultureInfo)
System.Reflection.MethodBase:Invoke(Object, Object[])
UnityEditor.EditorAssemblies:ProcessInitializeOnLoadMethodAttributes()

Mono: successfully reloaded assembly
- Completed reload, in  1.658 seconds
Domain Reload Profiling:
	ReloadAssembly (1659ms)
		BeginReloadAssembly (149ms)
			ExecutionOrderSort (0ms)
			DisableScriptedObjects (8ms)
			BackupInstance (0ms)
			ReleaseScriptingObjects (0ms)
			CreateAndSetChildDomain (32ms)
		EndReloadAssembly (1347ms)
			LoadAssemblies (100ms)
			RebuildTransferFunctionScriptingTraits (0ms)
			SetupTypeCache (260ms)
			ReleaseScriptCaches (1ms)
			RebuildScriptCaches (74ms)
			SetupLoadedEditorAssemblies (886ms)
				LogAssemblyErrors (0ms)
				InitializePlatformSupportModulesInManaged (6ms)
				SetLoadedEditorAssemblies (0ms)
				RefreshPlugins (102ms)
				BeforeProcessingInitializeOnLoad (125ms)
				ProcessInitializeOnLoadAttributes (438ms)
				ProcessInitializeOnLoadMethodAttributes (205ms)
				AfterProcessingInitializeOnLoad (9ms)
				EditorAssembliesLoaded (0ms)
			ExecutionOrderSort2 (0ms)
			AwakeInstancesAfterBackupRestoration (6ms)
Platform modules already initialized, skipping
========================================================================
Worker process is ready to serve import requests
Launched and connected shader compiler UnityShaderCompiler.exe after 0.07 seconds
Refreshing native plugins compatible for Editor in 1.04 ms, found 2 plugins.
Preloading 0 native plugins for Editor in 0.00 ms.
Unloading 5041 Unused Serialized files (Serialized files now loaded: 0)
Unloading 82 unused Assets / (3.8 MB). Loaded Objects now: 5483.
Memory consumption went from 266.0 MB to 262.1 MB.
Total: 5.730000 ms (FindLiveObjects: 0.751200 ms CreateObjectMapping: 0.303100 ms MarkObjects: 3.455300 ms  DeleteObjects: 1.219000 ms)

AssetImportParameters requested are different than current active one (requested -> active):
  custom:video-decoder-ogg-theora: a1e56fd34408186e4bbccfd4996cb3dc -> 
  custom:container-muxer-webm: aa71ff27fc2769a1b78a27578f13a17b -> 
  custom:container-demuxer-webm: 4f35f7cbe854078d1ac9338744f61a02 -> 
  custom:srp/default-shader: 0d000000000000000000000000000000 -> 00a0da0d000000000000000000000000
  custom:video-encoder-webm-vp8: eb34c28f22e8b96e1ab97ce403110664 -> 
  custom:audio-encoder-webm-vorbis: bf7c407c2cedff20999df2af8eb42d56 -> 
  custom:framework-win-MediaFoundation: 216162199b28c13a410421893ffa2e32 -> 
  custom:container-demuxer-ogg: 62fdf1f143b41e24485cea50d1cbac27 -> 
  custom:video-decoder-webm-vp8: 9c59270c3fd7afecdb556c50c9e8de78 -> 
  custom:audio-decoder-ogg-vorbis: bf7c407c2cedff20999df2af8eb42d56 -> 
